[2024-05-12T13:53:05.065+0000] {local_task_job_runner.py:120} INFO - ::group::Pre task execution logs
[2024-05-12T13:53:05.122+0000] {taskinstance.py:2076} INFO - Dependencies all met for dep_context=non-requeueable deps ti=<TaskInstance: dvc_and_github_integration.push_to_github manual__2024-05-12T13:52:24.612049+00:00 [queued]>
[2024-05-12T13:53:05.146+0000] {taskinstance.py:2076} INFO - Dependencies all met for dep_context=requeueable deps ti=<TaskInstance: dvc_and_github_integration.push_to_github manual__2024-05-12T13:52:24.612049+00:00 [queued]>
[2024-05-12T13:53:05.146+0000] {taskinstance.py:2306} INFO - Starting attempt 1 of 1
[2024-05-12T13:53:05.193+0000] {taskinstance.py:2330} INFO - Executing <Task(PythonOperator): push_to_github> on 2024-05-12 13:52:24.612049+00:00
[2024-05-12T13:53:05.207+0000] {standard_task_runner.py:90} INFO - Running: ['airflow', 'tasks', 'run', 'dvc_and_github_integration', 'push_to_github', 'manual__2024-05-12T13:52:24.612049+00:00', '--job-id', '9', '--raw', '--subdir', 'DAGS_FOLDER/Script.py', '--cfg-path', '/tmp/tmp9q5cv9zp']
[2024-05-12T13:53:05.212+0000] {standard_task_runner.py:91} INFO - Job 9: Subtask push_to_github
[2024-05-12T13:53:05.215+0000] {logging_mixin.py:188} WARNING - /home/airflow/.local/lib/python3.12/site-packages/airflow/task/task_runner/standard_task_runner.py:61 DeprecationWarning: This process (pid=257) is multi-threaded, use of fork() may lead to deadlocks in the child.
[2024-05-12T13:53:05.216+0000] {standard_task_runner.py:63} INFO - Started process 266 to run task
[2024-05-12T13:53:05.353+0000] {task_command.py:426} INFO - Running <TaskInstance: dvc_and_github_integration.push_to_github manual__2024-05-12T13:52:24.612049+00:00 [running]> on host 850c43a7089d
[2024-05-12T13:53:05.552+0000] {taskinstance.py:2648} INFO - Exporting env vars: AIRFLOW_CTX_DAG_OWNER='airflow' AIRFLOW_CTX_DAG_ID='dvc_and_github_integration' AIRFLOW_CTX_TASK_ID='push_to_github' AIRFLOW_CTX_EXECUTION_DATE='2024-05-12T13:52:24.612049+00:00' AIRFLOW_CTX_TRY_NUMBER='1' AIRFLOW_CTX_DAG_RUN_ID='manual__2024-05-12T13:52:24.612049+00:00'
[2024-05-12T13:53:05.553+0000] {taskinstance.py:430} INFO - ::endgroup::
[2024-05-12T13:53:05.570+0000] {Script.py:65} INFO - Pushing changes to GitHub...
[2024-05-12T13:53:05.828+0000] {Script.py:69} INFO - Changes pushed to GitHub.
[2024-05-12T13:53:05.829+0000] {python.py:237} INFO - Done. Returned value was: None
[2024-05-12T13:53:05.830+0000] {taskinstance.py:441} INFO - ::group::Post task execution logs
[2024-05-12T13:53:05.851+0000] {taskinstance.py:1206} INFO - Marking task as SUCCESS. dag_id=dvc_and_github_integration, task_id=push_to_github, run_id=manual__2024-05-12T13:52:24.612049+00:00, execution_date=20240512T135224, start_date=20240512T135305, end_date=20240512T135305
[2024-05-12T13:53:05.915+0000] {local_task_job_runner.py:240} INFO - Task exited with return code 0
[2024-05-12T13:53:05.944+0000] {taskinstance.py:3498} INFO - 0 downstream tasks scheduled from follow-on schedule check
[2024-05-12T13:53:05.947+0000] {local_task_job_runner.py:222} INFO - ::endgroup::
