[2024-05-12T13:52:57.509+0000] {local_task_job_runner.py:120} INFO - ::group::Pre task execution logs
[2024-05-12T13:52:57.574+0000] {taskinstance.py:2076} INFO - Dependencies all met for dep_context=non-requeueable deps ti=<TaskInstance: dvc_and_github_integration.push_to_dvc_remote manual__2024-05-12T13:52:24.612049+00:00 [queued]>
[2024-05-12T13:52:57.601+0000] {taskinstance.py:2076} INFO - Dependencies all met for dep_context=requeueable deps ti=<TaskInstance: dvc_and_github_integration.push_to_dvc_remote manual__2024-05-12T13:52:24.612049+00:00 [queued]>
[2024-05-12T13:52:57.602+0000] {taskinstance.py:2306} INFO - Starting attempt 1 of 1
[2024-05-12T13:52:57.655+0000] {taskinstance.py:2330} INFO - Executing <Task(PythonOperator): push_to_dvc_remote> on 2024-05-12 13:52:24.612049+00:00
[2024-05-12T13:52:57.674+0000] {standard_task_runner.py:90} INFO - Running: ['airflow', 'tasks', 'run', 'dvc_and_github_integration', 'push_to_dvc_remote', 'manual__2024-05-12T13:52:24.612049+00:00', '--job-id', '8', '--raw', '--subdir', 'DAGS_FOLDER/Script.py', '--cfg-path', '/tmp/tmpth8snjd4']
[2024-05-12T13:52:57.677+0000] {standard_task_runner.py:91} INFO - Job 8: Subtask push_to_dvc_remote
[2024-05-12T13:52:57.681+0000] {logging_mixin.py:188} WARNING - /home/airflow/.local/lib/python3.12/site-packages/airflow/task/task_runner/standard_task_runner.py:61 DeprecationWarning: This process (pid=243) is multi-threaded, use of fork() may lead to deadlocks in the child.
[2024-05-12T13:52:57.682+0000] {standard_task_runner.py:63} INFO - Started process 252 to run task
[2024-05-12T13:52:57.804+0000] {task_command.py:426} INFO - Running <TaskInstance: dvc_and_github_integration.push_to_dvc_remote manual__2024-05-12T13:52:24.612049+00:00 [running]> on host 850c43a7089d
[2024-05-12T13:52:58.002+0000] {taskinstance.py:2648} INFO - Exporting env vars: AIRFLOW_CTX_DAG_OWNER='airflow' AIRFLOW_CTX_DAG_ID='dvc_and_github_integration' AIRFLOW_CTX_TASK_ID='push_to_dvc_remote' AIRFLOW_CTX_EXECUTION_DATE='2024-05-12T13:52:24.612049+00:00' AIRFLOW_CTX_TRY_NUMBER='1' AIRFLOW_CTX_DAG_RUN_ID='manual__2024-05-12T13:52:24.612049+00:00'
[2024-05-12T13:52:58.003+0000] {taskinstance.py:430} INFO - ::endgroup::
[2024-05-12T13:52:58.019+0000] {Script.py:58} INFO - Pushing data to DVC remote...
[2024-05-12T13:52:58.024+0000] {Script.py:62} INFO - Data pushed to DVC remote.
[2024-05-12T13:52:58.024+0000] {python.py:237} INFO - Done. Returned value was: None
[2024-05-12T13:52:58.025+0000] {taskinstance.py:441} INFO - ::group::Post task execution logs
[2024-05-12T13:52:58.045+0000] {taskinstance.py:1206} INFO - Marking task as SUCCESS. dag_id=dvc_and_github_integration, task_id=push_to_dvc_remote, run_id=manual__2024-05-12T13:52:24.612049+00:00, execution_date=20240512T135224, start_date=20240512T135257, end_date=20240512T135258
[2024-05-12T13:52:58.098+0000] {local_task_job_runner.py:240} INFO - Task exited with return code 0
[2024-05-12T13:52:58.148+0000] {taskinstance.py:3498} INFO - 1 downstream tasks scheduled from follow-on schedule check
[2024-05-12T13:52:58.163+0000] {local_task_job_runner.py:222} INFO - ::endgroup::
