[2024-05-12T13:52:35.554+0000] {local_task_job_runner.py:120} INFO - ::group::Pre task execution logs
[2024-05-12T13:52:35.626+0000] {taskinstance.py:2076} INFO - Dependencies all met for dep_context=non-requeueable deps ti=<TaskInstance: dvc_and_github_integration.extract_data manual__2024-05-12T13:52:24.612049+00:00 [queued]>
[2024-05-12T13:52:35.654+0000] {taskinstance.py:2076} INFO - Dependencies all met for dep_context=requeueable deps ti=<TaskInstance: dvc_and_github_integration.extract_data manual__2024-05-12T13:52:24.612049+00:00 [queued]>
[2024-05-12T13:52:35.655+0000] {taskinstance.py:2306} INFO - Starting attempt 1 of 1
[2024-05-12T13:52:35.719+0000] {taskinstance.py:2330} INFO - Executing <Task(PythonOperator): extract_data> on 2024-05-12 13:52:24.612049+00:00
[2024-05-12T13:52:35.741+0000] {standard_task_runner.py:90} INFO - Running: ['airflow', 'tasks', 'run', 'dvc_and_github_integration', 'extract_data', 'manual__2024-05-12T13:52:24.612049+00:00', '--job-id', '5', '--raw', '--subdir', 'DAGS_FOLDER/Script.py', '--cfg-path', '/tmp/tmpnafrqimj']
[2024-05-12T13:52:35.746+0000] {standard_task_runner.py:91} INFO - Job 5: Subtask extract_data
[2024-05-12T13:52:35.753+0000] {logging_mixin.py:188} WARNING - /home/airflow/.local/lib/python3.12/site-packages/airflow/task/task_runner/standard_task_runner.py:61 DeprecationWarning: This process (pid=211) is multi-threaded, use of fork() may lead to deadlocks in the child.
[2024-05-12T13:52:35.754+0000] {standard_task_runner.py:63} INFO - Started process 220 to run task
[2024-05-12T13:52:35.872+0000] {task_command.py:426} INFO - Running <TaskInstance: dvc_and_github_integration.extract_data manual__2024-05-12T13:52:24.612049+00:00 [running]> on host 850c43a7089d
[2024-05-12T13:52:36.045+0000] {taskinstance.py:2648} INFO - Exporting env vars: AIRFLOW_CTX_DAG_OWNER='airflow' AIRFLOW_CTX_DAG_ID='dvc_and_github_integration' AIRFLOW_CTX_TASK_ID='extract_data' AIRFLOW_CTX_EXECUTION_DATE='2024-05-12T13:52:24.612049+00:00' AIRFLOW_CTX_TRY_NUMBER='1' AIRFLOW_CTX_DAG_RUN_ID='manual__2024-05-12T13:52:24.612049+00:00'
[2024-05-12T13:52:36.047+0000] {taskinstance.py:430} INFO - ::endgroup::
[2024-05-12T13:52:36.078+0000] {Script.py:29} INFO - Extracting data...
[2024-05-12T13:52:37.639+0000] {Script.py:40} INFO - Data extraction complete.
[2024-05-12T13:52:37.642+0000] {python.py:237} INFO - Done. Returned value was: None
[2024-05-12T13:52:37.644+0000] {taskinstance.py:441} INFO - ::group::Post task execution logs
[2024-05-12T13:52:37.665+0000] {taskinstance.py:1206} INFO - Marking task as SUCCESS. dag_id=dvc_and_github_integration, task_id=extract_data, run_id=manual__2024-05-12T13:52:24.612049+00:00, execution_date=20240512T135224, start_date=20240512T135235, end_date=20240512T135237
[2024-05-12T13:52:37.743+0000] {local_task_job_runner.py:240} INFO - Task exited with return code 0
[2024-05-12T13:52:37.798+0000] {taskinstance.py:3498} INFO - 1 downstream tasks scheduled from follow-on schedule check
[2024-05-12T13:52:37.812+0000] {local_task_job_runner.py:222} INFO - ::endgroup::
